Build started 4/18/2018 9:04:59 AM.
     1>Project "c:\Users\lenovo\documents\visual studio 2015\Projects\BlockChain\BlockChain\BlockChain.vcxproj" on node 2 (Build target(s)).
     1>ClCompile:
         C:\Program Files (x86)\Microsoft Visual Studio 14.0\VC\bin\CL.exe /c /ZI /nologo /W3 /WX- /sdl /Od /Oy- /D _MBCS /Gm /EHsc /RTC1 /MDd /GS /fp:precise /Zc:wchar_t /Zc:forScope /Zc:inline /Fo"Debug\\" /Fd"Debug\vc140.pdb" /Gd /TP /analyze- /errorReport:prompt Block.cpp Blockchain.cpp Source.cpp sha256.cpp
         sha256.cpp
     1>c:\users\lenovo\documents\visual studio 2015\projects\blockchain\blockchain\sha256.cpp(5): error C2653: 'SHA256': is not a class or namespace name
     1>c:\users\lenovo\documents\visual studio 2015\projects\blockchain\blockchain\sha256.cpp(23): error C2653: 'SHA256': is not a class or namespace name
     1>c:\users\lenovo\documents\visual studio 2015\projects\blockchain\blockchain\sha256.cpp(25): error C2065: 'uint32': undeclared identifier
     1>c:\users\lenovo\documents\visual studio 2015\projects\blockchain\blockchain\sha256.cpp(25): error C2146: syntax error: missing ';' before identifier 'w'
     1>c:\users\lenovo\documents\visual studio 2015\projects\blockchain\blockchain\sha256.cpp(25): error C2065: 'w': undeclared identifier
     1>c:\users\lenovo\documents\visual studio 2015\projects\blockchain\blockchain\sha256.cpp(26): error C2065: 'uint32': undeclared identifier
     1>c:\users\lenovo\documents\visual studio 2015\projects\blockchain\blockchain\sha256.cpp(26): error C2146: syntax error: missing ';' before identifier 'wv'
     1>c:\users\lenovo\documents\visual studio 2015\projects\blockchain\blockchain\sha256.cpp(26): error C2065: 'wv': undeclared identifier
     1>c:\users\lenovo\documents\visual studio 2015\projects\blockchain\blockchain\sha256.cpp(27): error C2065: 'uint32': undeclared identifier
     1>c:\users\lenovo\documents\visual studio 2015\projects\blockchain\blockchain\sha256.cpp(27): error C2146: syntax error: missing ';' before identifier 't1'
     1>c:\users\lenovo\documents\visual studio 2015\projects\blockchain\blockchain\sha256.cpp(27): error C2065: 't1': undeclared identifier
     1>c:\users\lenovo\documents\visual studio 2015\projects\blockchain\blockchain\sha256.cpp(27): error C2065: 't2': undeclared identifier
     1>c:\users\lenovo\documents\visual studio 2015\projects\blockchain\blockchain\sha256.cpp(34): error C2065: 'w': undeclared identifier
     1>c:\users\lenovo\documents\visual studio 2015\projects\blockchain\blockchain\sha256.cpp(34): error C3861: 'SHA2_PACK32': identifier not found
     1>c:\users\lenovo\documents\visual studio 2015\projects\blockchain\blockchain\sha256.cpp(37): error C2065: 'w': undeclared identifier
     1>c:\users\lenovo\documents\visual studio 2015\projects\blockchain\blockchain\sha256.cpp(37): error C3861: 'SHA256_F4': identifier not found
     1>c:\users\lenovo\documents\visual studio 2015\projects\blockchain\blockchain\sha256.cpp(37): error C3861: 'SHA256_F3': identifier not found
     1>c:\users\lenovo\documents\visual studio 2015\projects\blockchain\blockchain\sha256.cpp(40): error C2065: 'wv': undeclared identifier
     1>c:\users\lenovo\documents\visual studio 2015\projects\blockchain\blockchain\sha256.cpp(40): error C2065: 'm_h': undeclared identifier
     1>c:\users\lenovo\documents\visual studio 2015\projects\blockchain\blockchain\sha256.cpp(43): error C2065: 't1': undeclared identifier
     1>c:\users\lenovo\documents\visual studio 2015\projects\blockchain\blockchain\sha256.cpp(43): error C2065: 'wv': undeclared identifier
     1>c:\users\lenovo\documents\visual studio 2015\projects\blockchain\blockchain\sha256.cpp(43): error C3861: 'SHA256_F2': identifier not found
     1>c:\users\lenovo\documents\visual studio 2015\projects\blockchain\blockchain\sha256.cpp(43): error C3861: 'SHA2_CH': identifier not found
     1>c:\users\lenovo\documents\visual studio 2015\projects\blockchain\blockchain\sha256.cpp(44): error C2065: 'w': undeclared identifier
     1>c:\users\lenovo\documents\visual studio 2015\projects\blockchain\blockchain\sha256.cpp(45): error C2065: 't2': undeclared identifier
     1>c:\users\lenovo\documents\visual studio 2015\projects\blockchain\blockchain\sha256.cpp(45): error C2065: 'wv': undeclared identifier
     1>c:\users\lenovo\documents\visual studio 2015\projects\blockchain\blockchain\sha256.cpp(45): error C3861: 'SHA256_F1': identifier not found
     1>c:\users\lenovo\documents\visual studio 2015\projects\blockchain\blockchain\sha256.cpp(45): error C3861: 'SHA2_MAJ': identifier not found
     1>c:\users\lenovo\documents\visual studio 2015\projects\blockchain\blockchain\sha256.cpp(46): error C2065: 'wv': undeclared identifier
     1>c:\users\lenovo\documents\visual studio 2015\projects\blockchain\blockchain\sha256.cpp(47): error C2065: 'wv': undeclared identifier
     1>c:\users\lenovo\documents\visual studio 2015\projects\blockchain\blockchain\sha256.cpp(48): error C2065: 'wv': undeclared identifier
     1>c:\users\lenovo\documents\visual studio 2015\projects\blockchain\blockchain\sha256.cpp(49): error C2065: 'wv': undeclared identifier
     1>c:\users\lenovo\documents\visual studio 2015\projects\blockchain\blockchain\sha256.cpp(49): error C2065: 't1': undeclared identifier
     1>c:\users\lenovo\documents\visual studio 2015\projects\blockchain\blockchain\sha256.cpp(50): error C2065: 'wv': undeclared identifier
     1>c:\users\lenovo\documents\visual studio 2015\projects\blockchain\blockchain\sha256.cpp(51): error C2065: 'wv': undeclared identifier
     1>c:\users\lenovo\documents\visual studio 2015\projects\blockchain\blockchain\sha256.cpp(52): error C2065: 'wv': undeclared identifier
     1>c:\users\lenovo\documents\visual studio 2015\projects\blockchain\blockchain\sha256.cpp(53): error C2065: 'wv': undeclared identifier
     1>c:\users\lenovo\documents\visual studio 2015\projects\blockchain\blockchain\sha256.cpp(53): error C2065: 't1': undeclared identifier
     1>c:\users\lenovo\documents\visual studio 2015\projects\blockchain\blockchain\sha256.cpp(53): error C2065: 't2': undeclared identifier
     1>c:\users\lenovo\documents\visual studio 2015\projects\blockchain\blockchain\sha256.cpp(56): error C2065: 'm_h': undeclared identifier
     1>c:\users\lenovo\documents\visual studio 2015\projects\blockchain\blockchain\sha256.cpp(56): error C2065: 'wv': undeclared identifier
     1>c:\users\lenovo\documents\visual studio 2015\projects\blockchain\blockchain\sha256.cpp(61): error C2653: 'SHA256': is not a class or namespace name
     1>c:\users\lenovo\documents\visual studio 2015\projects\blockchain\blockchain\sha256.cpp(63): error C2065: 'm_h': undeclared identifier
     1>c:\users\lenovo\documents\visual studio 2015\projects\blockchain\blockchain\sha256.cpp(64): error C2065: 'm_h': undeclared identifier
     1>c:\users\lenovo\documents\visual studio 2015\projects\blockchain\blockchain\sha256.cpp(65): error C2065: 'm_h': undeclared identifier
     1>c:\users\lenovo\documents\visual studio 2015\projects\blockchain\blockchain\sha256.cpp(66): error C2065: 'm_h': undeclared identifier
     1>c:\users\lenovo\documents\visual studio 2015\projects\blockchain\blockchain\sha256.cpp(67): error C2065: 'm_h': undeclared identifier
     1>c:\users\lenovo\documents\visual studio 2015\projects\blockchain\blockchain\sha256.cpp(68): error C2065: 'm_h': undeclared identifier
     1>c:\users\lenovo\documents\visual studio 2015\projects\blockchain\blockchain\sha256.cpp(69): error C2065: 'm_h': undeclared identifier
     1>c:\users\lenovo\documents\visual studio 2015\projects\blockchain\blockchain\sha256.cpp(70): error C2065: 'm_h': undeclared identifier
     1>c:\users\lenovo\documents\visual studio 2015\projects\blockchain\blockchain\sha256.cpp(71): error C2065: 'm_len': undeclared identifier
     1>c:\users\lenovo\documents\visual studio 2015\projects\blockchain\blockchain\sha256.cpp(72): error C2065: 'm_tot_len': undeclared identifier
     1>c:\users\lenovo\documents\visual studio 2015\projects\blockchain\blockchain\sha256.cpp(75): error C2653: 'SHA256': is not a class or namespace name
     1>c:\users\lenovo\documents\visual studio 2015\projects\blockchain\blockchain\sha256.cpp(80): error C2065: 'SHA224_256_BLOCK_SIZE': undeclared identifier
     1>c:\users\lenovo\documents\visual studio 2015\projects\blockchain\blockchain\sha256.cpp(80): error C2065: 'm_len': undeclared identifier
     1>c:\users\lenovo\documents\visual studio 2015\projects\blockchain\blockchain\sha256.cpp(82): error C2065: 'm_block': undeclared identifier
     1>c:\users\lenovo\documents\visual studio 2015\projects\blockchain\blockchain\sha256.cpp(82): error C2065: 'm_len': undeclared identifier
     1>c:\users\lenovo\documents\visual studio 2015\projects\blockchain\blockchain\sha256.cpp(83): error C2065: 'm_len': undeclared identifier
     1>c:\users\lenovo\documents\visual studio 2015\projects\blockchain\blockchain\sha256.cpp(83): error C2065: 'SHA224_256_BLOCK_SIZE': undeclared identifier
     1>c:\users\lenovo\documents\visual studio 2015\projects\blockchain\blockchain\sha256.cpp(84): error C2065: 'm_len': undeclared identifier
     1>c:\users\lenovo\documents\visual studio 2015\projects\blockchain\blockchain\sha256.cpp(88): error C2065: 'SHA224_256_BLOCK_SIZE': undeclared identifier
     1>c:\users\lenovo\documents\visual studio 2015\projects\blockchain\blockchain\sha256.cpp(90): error C2065: 'm_block': undeclared identifier
     1>c:\users\lenovo\documents\visual studio 2015\projects\blockchain\blockchain\sha256.cpp(92): error C2065: 'SHA224_256_BLOCK_SIZE': undeclared identifier
     1>c:\users\lenovo\documents\visual studio 2015\projects\blockchain\blockchain\sha256.cpp(93): error C2065: 'm_block': undeclared identifier
     1>c:\users\lenovo\documents\visual studio 2015\projects\blockchain\blockchain\sha256.cpp(94): error C2065: 'm_len': undeclared identifier
     1>c:\users\lenovo\documents\visual studio 2015\projects\blockchain\blockchain\sha256.cpp(95): error C2065: 'm_tot_len': undeclared identifier
     1>c:\users\lenovo\documents\visual studio 2015\projects\blockchain\blockchain\sha256.cpp(98): error C2653: 'SHA256': is not a class or namespace name
     1>c:\users\lenovo\documents\visual studio 2015\projects\blockchain\blockchain\sha256.cpp(104): error C2065: 'SHA224_256_BLOCK_SIZE': undeclared identifier
     1>c:\users\lenovo\documents\visual studio 2015\projects\blockchain\blockchain\sha256.cpp(105): error C2065: 'm_len': undeclared identifier
     1>c:\users\lenovo\documents\visual studio 2015\projects\blockchain\blockchain\sha256.cpp(105): error C2065: 'SHA224_256_BLOCK_SIZE': undeclared identifier
     1>c:\users\lenovo\documents\visual studio 2015\projects\blockchain\blockchain\sha256.cpp(106): error C2065: 'm_tot_len': undeclared identifier
     1>c:\users\lenovo\documents\visual studio 2015\projects\blockchain\blockchain\sha256.cpp(106): error C2065: 'm_len': undeclared identifier
     1>c:\users\lenovo\documents\visual studio 2015\projects\blockchain\blockchain\sha256.cpp(108): error C2065: 'm_block': undeclared identifier
     1>c:\users\lenovo\documents\visual studio 2015\projects\blockchain\blockchain\sha256.cpp(108): error C2065: 'm_len': undeclared identifier
     1>c:\users\lenovo\documents\visual studio 2015\projects\blockchain\blockchain\sha256.cpp(108): error C2660: 'memset': function does not take 2 arguments
     1>c:\users\lenovo\documents\visual studio 2015\projects\blockchain\blockchain\sha256.cpp(109): error C2065: 'm_block': undeclared identifier
     1>c:\users\lenovo\documents\visual studio 2015\projects\blockchain\blockchain\sha256.cpp(109): error C2065: 'm_len': undeclared identifier
     1>c:\users\lenovo\documents\visual studio 2015\projects\blockchain\blockchain\sha256.cpp(110): error C2065: 'm_block': undeclared identifier
     1>c:\users\lenovo\documents\visual studio 2015\projects\blockchain\blockchain\sha256.cpp(110): error C3861: 'SHA2_UNPACK32': identifier not found
     1>c:\users\lenovo\documents\visual studio 2015\projects\blockchain\blockchain\sha256.cpp(111): error C2065: 'm_block': undeclared identifier
     1>c:\users\lenovo\documents\visual studio 2015\projects\blockchain\blockchain\sha256.cpp(113): error C2065: 'm_h': undeclared identifier
     1>c:\users\lenovo\documents\visual studio 2015\projects\blockchain\blockchain\sha256.cpp(113): error C3861: 'SHA2_UNPACK32': identifier not found
     1>c:\users\lenovo\documents\visual studio 2015\projects\blockchain\blockchain\sha256.cpp(119): error C2653: 'SHA256': is not a class or namespace name
     1>c:\users\lenovo\documents\visual studio 2015\projects\blockchain\blockchain\sha256.cpp(119): error C2065: 'DIGEST_SIZE': undeclared identifier
     1>c:\users\lenovo\documents\visual studio 2015\projects\blockchain\blockchain\sha256.cpp(120): error C2653: 'SHA256': is not a class or namespace name
     1>c:\users\lenovo\documents\visual studio 2015\projects\blockchain\blockchain\sha256.cpp(120): error C2065: 'DIGEST_SIZE': undeclared identifier
     1>c:\users\lenovo\documents\visual studio 2015\projects\blockchain\blockchain\sha256.cpp(122): error C2065: 'SHA256': undeclared identifier
     1>c:\users\lenovo\documents\visual studio 2015\projects\blockchain\blockchain\sha256.cpp(122): error C2146: syntax error: missing ';' before identifier 'ctx'
     1>c:\users\lenovo\documents\visual studio 2015\projects\blockchain\blockchain\sha256.cpp(122): error C2065: 'ctx': undeclared identifier
     1>c:\users\lenovo\documents\visual studio 2015\projects\blockchain\blockchain\sha256.cpp(122): error C3861: 'SHA256': identifier not found
     1>c:\users\lenovo\documents\visual studio 2015\projects\blockchain\blockchain\sha256.cpp(123): error C2065: 'ctx': undeclared identifier
     1>c:\users\lenovo\documents\visual studio 2015\projects\blockchain\blockchain\sha256.cpp(123): error C2228: left of '.init' must have class/struct/union
         c:\users\lenovo\documents\visual studio 2015\projects\blockchain\blockchain\sha256.cpp(123): note: type is 'unknown-type'
     1>c:\users\lenovo\documents\visual studio 2015\projects\blockchain\blockchain\sha256.cpp(124): error C2065: 'ctx': undeclared identifier
     1>c:\users\lenovo\documents\visual studio 2015\projects\blockchain\blockchain\sha256.cpp(124): error C2228: left of '.update' must have class/struct/union
         c:\users\lenovo\documents\visual studio 2015\projects\blockchain\blockchain\sha256.cpp(124): note: type is 'unknown-type'
     1>c:\users\lenovo\documents\visual studio 2015\projects\blockchain\blockchain\sha256.cpp(125): error C2065: 'ctx': undeclared identifier
     1>c:\users\lenovo\documents\visual studio 2015\projects\blockchain\blockchain\sha256.cpp(125): error C2228: left of '.final' must have class/struct/union
         c:\users\lenovo\documents\visual studio 2015\projects\blockchain\blockchain\sha256.cpp(125): note: type is 'unknown-type'
     1>c:\users\lenovo\documents\visual studio 2015\projects\blockchain\blockchain\sha256.cpp(127): error C2653: 'SHA256': is not a class or namespace name
     1>c:\users\lenovo\documents\visual studio 2015\projects\blockchain\blockchain\sha256.cpp(127): error C2065: 'DIGEST_SIZE': undeclared identifier
     1>c:\users\lenovo\documents\visual studio 2015\projects\blockchain\blockchain\sha256.cpp(127): error C2133: 'buf': unknown size
     1>c:\users\lenovo\documents\visual studio 2015\projects\blockchain\blockchain\sha256.cpp(128): error C2653: 'SHA256': is not a class or namespace name
     1>c:\users\lenovo\documents\visual studio 2015\projects\blockchain\blockchain\sha256.cpp(128): error C2065: 'DIGEST_SIZE': undeclared identifier
     1>c:\users\lenovo\documents\visual studio 2015\projects\blockchain\blockchain\sha256.cpp(128): fatal error C1003: error count exceeds 100; stopping compilation
         Source.cpp
     1>c:\users\lenovo\documents\visual studio 2015\projects\blockchain\blockchain\blockchain.h(5): error C2143: syntax error: missing ';' before 'using namespace'
         Blockchain.cpp
     1>c:\users\lenovo\documents\visual studio 2015\projects\blockchain\blockchain\blockchain.h(5): error C2143: syntax error: missing ';' before 'using namespace'
         Block.cpp
     1>c:\users\lenovo\documents\visual studio 2015\projects\blockchain\blockchain\block.cpp(4): error C2143: syntax error: missing ';' before 'using namespace'
     1>c:\users\lenovo\documents\visual studio 2015\projects\blockchain\blockchain\block.cpp(9): error C2440: '<function-style-cast>': cannot convert from 'nullptr' to 'time_t'
         c:\users\lenovo\documents\visual studio 2015\projects\blockchain\blockchain\block.cpp(9): note: A native nullptr can only be converted to bool or, using reinterpret_cast, to an integral type
     1>c:\users\lenovo\documents\visual studio 2015\projects\blockchain\blockchain\block.cpp(16): error C2131: expression did not evaluate to a constant
         c:\users\lenovo\documents\visual studio 2015\projects\blockchain\blockchain\block.cpp(16): note: failure was caused by non-constant arguments or reference to a non-constant symbol
         c:\users\lenovo\documents\visual studio 2015\projects\blockchain\blockchain\block.cpp(16): note: see usage of 'nDifficulty'
     1>c:\users\lenovo\documents\visual studio 2015\projects\blockchain\blockchain\block.cpp(18): error C3863: array type 'char [nDifficulty+]' is not assignable
     1>c:\users\lenovo\documents\visual studio 2015\projects\blockchain\blockchain\block.cpp(20): error C3863: array type 'char [nDifficulty+]' is not assignable
     1>c:\users\lenovo\documents\visual studio 2015\projects\blockchain\blockchain\block.cpp(29): error C2679: binary '<<': no operator found which takes a right-hand operand of type 'std::string' (or there is no acceptable conversion)
         c:\program files (x86)\microsoft visual studio 14.0\vc\include\ostream(497): note: could be 'std::basic_ostream<char,std::char_traits<char>> &std::basic_ostream<char,std::char_traits<char>>::operator <<(std::basic_streambuf<char,std::char_traits<char>> *)'
         c:\program files (x86)\microsoft visual studio 14.0\vc\include\ostream(477): note: or       'std::basic_ostream<char,std::char_traits<char>> &std::basic_ostream<char,std::char_traits<char>>::operator <<(const void *)'
         c:\program files (x86)\microsoft visual studio 14.0\vc\include\ostream(457): note: or       'std::basic_ostream<char,std::char_traits<char>> &std::basic_ostream<char,std::char_traits<char>>::operator <<(long double)'
         c:\program files (x86)\microsoft visual studio 14.0\vc\include\ostream(437): note: or       'std::basic_ostream<char,std::char_traits<char>> &std::basic_ostream<char,std::char_traits<char>>::operator <<(double)'
         c:\program files (x86)\microsoft visual studio 14.0\vc\include\ostream(417): note: or       'std::basic_ostream<char,std::char_traits<char>> &std::basic_ostream<char,std::char_traits<char>>::operator <<(float)'
         c:\program files (x86)\microsoft visual studio 14.0\vc\include\ostream(396): note: or       'std::basic_ostream<char,std::char_traits<char>> &std::basic_ostream<char,std::char_traits<char>>::operator <<(unsigned __int64)'
         c:\program files (x86)\microsoft visual studio 14.0\vc\include\ostream(376): note: or       'std::basic_ostream<char,std::char_traits<char>> &std::basic_ostream<char,std::char_traits<char>>::operator <<(__int64)'
         c:\program files (x86)\microsoft visual studio 14.0\vc\include\ostream(355): note: or       'std::basic_ostream<char,std::char_traits<char>> &std::basic_ostream<char,std::char_traits<char>>::operator <<(unsigned long)'
         c:\program files (x86)\microsoft visual studio 14.0\vc\include\ostream(335): note: or       'std::basic_ostream<char,std::char_traits<char>> &std::basic_ostream<char,std::char_traits<char>>::operator <<(long)'
         c:\program files (x86)\microsoft visual studio 14.0\vc\include\ostream(315): note: or       'std::basic_ostream<char,std::char_traits<char>> &std::basic_ostream<char,std::char_traits<char>>::operator <<(unsigned int)'
         c:\program files (x86)\microsoft visual studio 14.0\vc\include\ostream(290): note: or       'std::basic_ostream<char,std::char_traits<char>> &std::basic_ostream<char,std::char_traits<char>>::operator <<(int)'
         c:\program files (x86)\microsoft visual studio 14.0\vc\include\ostream(270): note: or       'std::basic_ostream<char,std::char_traits<char>> &std::basic_ostream<char,std::char_traits<char>>::operator <<(unsigned short)'
         c:\program files (x86)\microsoft visual studio 14.0\vc\include\ostream(236): note: or       'std::basic_ostream<char,std::char_traits<char>> &std::basic_ostream<char,std::char_traits<char>>::operator <<(short)'
         c:\program files (x86)\microsoft visual studio 14.0\vc\include\ostream(216): note: or       'std::basic_ostream<char,std::char_traits<char>> &std::basic_ostream<char,std::char_traits<char>>::operator <<(bool)'
         c:\program files (x86)\microsoft visual studio 14.0\vc\include\ostream(209): note: or       'std::basic_ostream<char,std::char_traits<char>> &std::basic_ostream<char,std::char_traits<char>>::operator <<(std::ios_base &(__cdecl *)(std::ios_base &))'
         c:\program files (x86)\microsoft visual studio 14.0\vc\include\ostream(202): note: or       'std::basic_ostream<char,std::char_traits<char>> &std::basic_ostream<char,std::char_traits<char>>::operator <<(std::basic_ios<char,std::char_traits<char>> &(__cdecl *)(std::basic_ios<char,std::char_traits<char>> &))'
         c:\program files (x86)\microsoft visual studio 14.0\vc\include\ostream(196): note: or       'std::basic_ostream<char,std::char_traits<char>> &std::basic_ostream<char,std::char_traits<char>>::operator <<(std::basic_ostream<char,std::char_traits<char>> &(__cdecl *)(std::basic_ostream<char,std::char_traits<char>> &))'
         c:\program files (x86)\microsoft visual studio 14.0\vc\include\ostream(1021): note: or       'std::basic_ostream<char,std::char_traits<char>> &std::operator <<<char,std::char_traits<char>>(std::basic_ostream<char,std::char_traits<char>> &,const std::error_code &)'
         c:\program files (x86)\microsoft visual studio 14.0\vc\include\ostream(983): note: or       'std::basic_ostream<char,std::char_traits<char>> &std::operator <<<char,std::char_traits<char>,std::string>(std::basic_ostream<char,std::char_traits<char>> &&,const _Ty &)'
                 with
                 [
                     _Ty=std::string
                 ]
         c:\program files (x86)\microsoft visual studio 14.0\vc\include\ostream(973): note: or       'std::basic_ostream<char,std::char_traits<char>> &std::operator <<<std::char_traits<char>>(std::basic_ostream<char,std::char_traits<char>> &,unsigned char)'
         c:\program files (x86)\microsoft visual studio 14.0\vc\include\ostream(966): note: or       'std::basic_ostream<char,std::char_traits<char>> &std::operator <<<std::char_traits<char>>(std::basic_ostream<char,std::char_traits<char>> &,const unsigned char *)'
         c:\program files (x86)\microsoft visual studio 14.0\vc\include\ostream(959): note: or       'std::basic_ostream<char,std::char_traits<char>> &std::operator <<<std::char_traits<char>>(std::basic_ostream<char,std::char_traits<char>> &,signed char)'
         c:\program files (x86)\microsoft visual studio 14.0\vc\include\ostream(952): note: or       'std::basic_ostream<char,std::char_traits<char>> &std::operator <<<std::char_traits<char>>(std::basic_ostream<char,std::char_traits<char>> &,const signed char *)'
         c:\program files (x86)\microsoft visual studio 14.0\vc\include\ostream(826): note: or       'std::basic_ostream<char,std::char_traits<char>> &std::operator <<<std::char_traits<char>>(std::basic_ostream<char,std::char_traits<char>> &,char)'
         c:\program files (x86)\microsoft visual studio 14.0\vc\include\ostream(779): note: or       'std::basic_ostream<char,std::char_traits<char>> &std::operator <<<std::char_traits<char>>(std::basic_ostream<char,std::char_traits<char>> &,const char *)'
         c:\program files (x86)\microsoft visual studio 14.0\vc\include\ostream(741): note: or       'std::basic_ostream<char,std::char_traits<char>> &std::operator <<<char,std::char_traits<char>>(std::basic_ostream<char,std::char_traits<char>> &,char)'
         c:\program files (x86)\microsoft visual studio 14.0\vc\include\ostream(694): note: or       'std::basic_ostream<char,std::char_traits<char>> &std::operator <<<char,std::char_traits<char>>(std::basic_ostream<char,std::char_traits<char>> &,const char *)'
         c:\users\lenovo\documents\visual studio 2015\projects\blockchain\blockchain\block.cpp(29): note: while trying to match the argument list '(std::basic_ostream<char,std::char_traits<char>>, std::string)'
     1>c:\users\lenovo\documents\visual studio 2015\projects\blockchain\blockchain\block.cpp(33): error C2079: 'ss' uses undefined class 'std::basic_stringstream<char,std::char_traits<char>,std::allocator<char>>'
     1>c:\users\lenovo\documents\visual studio 2015\projects\blockchain\blockchain\block.cpp(34): error C2784: 'std::basic_ostream<_Elem,_Traits> &std::operator <<(std::basic_ostream<_Elem,_Traits> &,const std::error_code &)': could not deduce template argument for 'std::basic_ostream<_Elem,_Traits> &' from 'int'
         c:\program files (x86)\microsoft visual studio 14.0\vc\include\ostream(1021): note: see declaration of 'std::operator <<'
     1>c:\users\lenovo\documents\visual studio 2015\projects\blockchain\blockchain\block.cpp(34): error C2784: 'std::basic_ostream<_Elem,_Traits> &std::operator <<(std::basic_ostream<_Elem,_Traits> &&,const _Ty &)': could not deduce template argument for 'std::basic_ostream<_Elem,_Traits> &&' from 'int'
         c:\program files (x86)\microsoft visual studio 14.0\vc\include\ostream(983): note: see declaration of 'std::operator <<'
     1>c:\users\lenovo\documents\visual studio 2015\projects\blockchain\blockchain\block.cpp(34): error C2784: 'std::basic_ostream<char,_Traits> &std::operator <<(std::basic_ostream<char,_Traits> &,unsigned char)': could not deduce template argument for 'std::basic_ostream<char,_Traits> &' from 'int'
         c:\program files (x86)\microsoft visual studio 14.0\vc\include\ostream(973): note: see declaration of 'std::operator <<'
     1>c:\users\lenovo\documents\visual studio 2015\projects\blockchain\blockchain\block.cpp(34): error C2784: 'std::basic_ostream<char,_Traits> &std::operator <<(std::basic_ostream<char,_Traits> &,const unsigned char *)': could not deduce template argument for 'std::basic_ostream<char,_Traits> &' from 'int'
         c:\program files (x86)\microsoft visual studio 14.0\vc\include\ostream(966): note: see declaration of 'std::operator <<'
     1>c:\users\lenovo\documents\visual studio 2015\projects\blockchain\blockchain\block.cpp(34): error C2784: 'std::basic_ostream<char,_Traits> &std::operator <<(std::basic_ostream<char,_Traits> &,signed char)': could not deduce template argument for 'std::basic_ostream<char,_Traits> &' from 'int'
         c:\program files (x86)\microsoft visual studio 14.0\vc\include\ostream(959): note: see declaration of 'std::operator <<'
     1>c:\users\lenovo\documents\visual studio 2015\projects\blockchain\blockchain\block.cpp(34): error C2784: 'std::basic_ostream<char,_Traits> &std::operator <<(std::basic_ostream<char,_Traits> &,const signed char *)': could not deduce template argument for 'std::basic_ostream<char,_Traits> &' from 'int'
         c:\program files (x86)\microsoft visual studio 14.0\vc\include\ostream(952): note: see declaration of 'std::operator <<'
     1>c:\users\lenovo\documents\visual studio 2015\projects\blockchain\blockchain\block.cpp(34): error C2784: 'std::basic_ostream<_Elem,_Traits> &std::operator <<(std::basic_ostream<_Elem,_Traits> &,_Elem)': could not deduce template argument for 'std::basic_ostream<_Elem,_Traits> &' from 'int'
         c:\program files (x86)\microsoft visual studio 14.0\vc\include\ostream(913): note: see declaration of 'std::operator <<'
     1>c:\users\lenovo\documents\visual studio 2015\projects\blockchain\blockchain\block.cpp(34): error C2784: 'std::basic_ostream<_Elem,_Traits> &std::operator <<(std::basic_ostream<_Elem,_Traits> &,const _Elem *)': could not deduce template argument for 'std::basic_ostream<_Elem,_Traits> &' from 'int'
         c:\program files (x86)\microsoft visual studio 14.0\vc\include\ostream(866): note: see declaration of 'std::operator <<'
     1>c:\users\lenovo\documents\visual studio 2015\projects\blockchain\blockchain\block.cpp(34): error C2784: 'std::basic_ostream<char,_Traits> &std::operator <<(std::basic_ostream<char,_Traits> &,char)': could not deduce template argument for 'std::basic_ostream<char,_Traits> &' from 'int'
         c:\program files (x86)\microsoft visual studio 14.0\vc\include\ostream(826): note: see declaration of 'std::operator <<'
     1>c:\users\lenovo\documents\visual studio 2015\projects\blockchain\blockchain\block.cpp(34): error C2784: 'std::basic_ostream<char,_Traits> &std::operator <<(std::basic_ostream<char,_Traits> &,const char *)': could not deduce template argument for 'std::basic_ostream<char,_Traits> &' from 'int'
         c:\program files (x86)\microsoft visual studio 14.0\vc\include\ostream(779): note: see declaration of 'std::operator <<'
     1>c:\users\lenovo\documents\visual studio 2015\projects\blockchain\blockchain\block.cpp(34): error C2784: 'std::basic_ostream<_Elem,_Traits> &std::operator <<(std::basic_ostream<_Elem,_Traits> &,char)': could not deduce template argument for 'std::basic_ostream<_Elem,_Traits> &' from 'int'
         c:\program files (x86)\microsoft visual studio 14.0\vc\include\ostream(741): note: see declaration of 'std::operator <<'
     1>c:\users\lenovo\documents\visual studio 2015\projects\blockchain\blockchain\block.cpp(34): error C2784: 'std::basic_ostream<_Elem,_Traits> &std::operator <<(std::basic_ostream<_Elem,_Traits> &,const char *)': could not deduce template argument for 'std::basic_ostream<_Elem,_Traits> &' from 'int'
         c:\program files (x86)\microsoft visual studio 14.0\vc\include\ostream(694): note: see declaration of 'std::operator <<'
     1>c:\users\lenovo\documents\visual studio 2015\projects\blockchain\blockchain\block.cpp(34): error C2677: binary '<<': no global operator found which takes type 'const std::string' (or there is no acceptable conversion)
     1>c:\users\lenovo\documents\visual studio 2015\projects\blockchain\blockchain\block.cpp(36): error C2228: left of '.str' must have class/struct/union
         c:\users\lenovo\documents\visual studio 2015\projects\blockchain\blockchain\block.cpp(36): note: type is 'int'
     1>c:\users\lenovo\documents\visual studio 2015\projects\blockchain\blockchain\block.cpp(36): error C3861: 'sha256': identifier not found
         Generating Code...
     1>Done Building Project "c:\Users\lenovo\documents\visual studio 2015\Projects\BlockChain\BlockChain\BlockChain.vcxproj" (Build target(s)) -- FAILED.

Build FAILED.

Time Elapsed 00:00:03.48
